<?xml version="1.0" encoding="UTF-8"?>
<!-- Generated by org.testng.reporters.JUnitReportReporter -->
<testsuite skipped="0" hostname="LTPAUSYD2343022" name="Driver.Driver_Script" tests="1" failures="0" timestamp="31 Oct 2018 03:03:33 GMT" time="9.692" errors="0">
  <testcase name="f" time="9.692" classname="Driver.Driver_Script"/>
</testsuite> <!-- Driver.Driver_Script -->
